<?xml version="1.0" encoding="UTF-8"?>
<testsuite xmlns:xsi="http://www.w3.org/2001/XMLSchema-instance" xsi:noNamespaceSchemaLocation="https://maven.apache.org/surefire/maven-surefire-plugin/xsd/surefire-test-report.xsd" name="TestBookService" time="1.614" tests="2" errors="0" skipped="0" failures="0">
  <properties>
    <property name="sun.desktop" value="windows"/>
    <property name="awt.toolkit" value="sun.awt.windows.WToolkit"/>
    <property name="file.encoding.pkg" value="sun.io"/>
    <property name="java.specification.version" value="1.8"/>
    <property name="sun.cpu.isalist" value="amd64"/>
    <property name="sun.jnu.encoding" value="GBK"/>
    <property name="java.class.path" value="D:\编程文件\SpringMVC黑马\springmvc.github.io\code\springmvc-09-ssm-result\target\test-classes;D:\编程文件\SpringMVC黑马\springmvc.github.io\code\springmvc-09-ssm-result\target\classes;D:\Myapps\maven\maven_repository\org\springframework\spring-webmvc\5.2.1.RELEASE\spring-webmvc-5.2.1.RELEASE.jar;D:\Myapps\maven\maven_repository\org\springframework\spring-aop\5.2.1.RELEASE\spring-aop-5.2.1.RELEASE.jar;D:\Myapps\maven\maven_repository\org\springframework\spring-beans\5.2.1.RELEASE\spring-beans-5.2.1.RELEASE.jar;D:\Myapps\maven\maven_repository\org\springframework\spring-context\5.2.1.RELEASE\spring-context-5.2.1.RELEASE.jar;D:\Myapps\maven\maven_repository\org\springframework\spring-core\5.2.1.RELEASE\spring-core-5.2.1.RELEASE.jar;D:\Myapps\maven\maven_repository\org\springframework\spring-jcl\5.2.1.RELEASE\spring-jcl-5.2.1.RELEASE.jar;D:\Myapps\maven\maven_repository\org\springframework\spring-expression\5.2.1.RELEASE\spring-expression-5.2.1.RELEASE.jar;D:\Myapps\maven\maven_repository\org\springframework\spring-web\5.2.1.RELEASE\spring-web-5.2.1.RELEASE.jar;D:\Myapps\maven\maven_repository\org\springframework\spring-jdbc\5.2.1.RELEASE\spring-jdbc-5.2.1.RELEASE.jar;D:\Myapps\maven\maven_repository\org\springframework\spring-tx\5.2.1.RELEASE\spring-tx-5.2.1.RELEASE.jar;D:\Myapps\maven\maven_repository\org\springframework\spring-test\5.2.10.RELEASE\spring-test-5.2.10.RELEASE.jar;D:\Myapps\maven\maven_repository\org\mybatis\mybatis\3.5.6\mybatis-3.5.6.jar;D:\Myapps\maven\maven_repository\org\mybatis\mybatis-spring\1.3.0\mybatis-spring-1.3.0.jar;D:\Myapps\maven\maven_repository\mysql\mysql-connector-java\5.1.9\mysql-connector-java-5.1.9.jar;D:\Myapps\maven\maven_repository\com\alibaba\druid\1.2.13\druid-1.2.13.jar;D:\Myapps\maven\maven_repository\ch\qos\logback\logback-classic\1.2.11\logback-classic-1.2.11.jar;D:\Myapps\maven\maven_repository\ch\qos\logback\logback-core\1.2.11\logback-core-1.2.11.jar;D:\Myapps\maven\maven_repository\org\slf4j\slf4j-api\1.7.32\slf4j-api-1.7.32.jar;D:\Myapps\maven\maven_repository\junit\junit\4.13.2\junit-4.13.2.jar;D:\Myapps\maven\maven_repository\org\hamcrest\hamcrest-core\1.3\hamcrest-core-1.3.jar;D:\Myapps\maven\maven_repository\com\fasterxml\jackson\core\jackson-databind\2.9.0\jackson-databind-2.9.0.jar;D:\Myapps\maven\maven_repository\com\fasterxml\jackson\core\jackson-annotations\2.9.0\jackson-annotations-2.9.0.jar;D:\Myapps\maven\maven_repository\com\fasterxml\jackson\core\jackson-core\2.9.0\jackson-core-2.9.0.jar;D:\Myapps\maven\maven_repository\javax\servlet\javax.servlet-api\3.1.0\javax.servlet-api-3.1.0.jar;"/>
    <property name="java.vm.vendor" value="Oracle Corporation"/>
    <property name="sun.arch.data.model" value="64"/>
    <property name="user.variant" value=""/>
    <property name="java.vendor.url" value="http://java.oracle.com/"/>
    <property name="user.timezone" value="Asia/Shanghai"/>
    <property name="java.vm.specification.version" value="1.8"/>
    <property name="os.name" value="Windows 11"/>
    <property name="user.country" value="CN"/>
    <property name="sun.java.launcher" value="SUN_STANDARD"/>
    <property name="sun.boot.library.path" value="C:\Program Files\Java\jdk1.8.0_341\jre\bin"/>
    <property name="sun.java.command" value="C:\Users\28927\AppData\Local\Temp\surefire5817239389776164828\surefirebooter2024384676320767923.jar C:\Users\28927\AppData\Local\Temp\surefire5817239389776164828 2023-12-20T15-45-19_914-jvmRun1 surefire7037368813949585368tmp surefire_08096076087427986162tmp"/>
    <property name="surefire.test.class.path" value="D:\编程文件\SpringMVC黑马\springmvc.github.io\code\springmvc-09-ssm-result\target\test-classes;D:\编程文件\SpringMVC黑马\springmvc.github.io\code\springmvc-09-ssm-result\target\classes;D:\Myapps\maven\maven_repository\org\springframework\spring-webmvc\5.2.1.RELEASE\spring-webmvc-5.2.1.RELEASE.jar;D:\Myapps\maven\maven_repository\org\springframework\spring-aop\5.2.1.RELEASE\spring-aop-5.2.1.RELEASE.jar;D:\Myapps\maven\maven_repository\org\springframework\spring-beans\5.2.1.RELEASE\spring-beans-5.2.1.RELEASE.jar;D:\Myapps\maven\maven_repository\org\springframework\spring-context\5.2.1.RELEASE\spring-context-5.2.1.RELEASE.jar;D:\Myapps\maven\maven_repository\org\springframework\spring-core\5.2.1.RELEASE\spring-core-5.2.1.RELEASE.jar;D:\Myapps\maven\maven_repository\org\springframework\spring-jcl\5.2.1.RELEASE\spring-jcl-5.2.1.RELEASE.jar;D:\Myapps\maven\maven_repository\org\springframework\spring-expression\5.2.1.RELEASE\spring-expression-5.2.1.RELEASE.jar;D:\Myapps\maven\maven_repository\org\springframework\spring-web\5.2.1.RELEASE\spring-web-5.2.1.RELEASE.jar;D:\Myapps\maven\maven_repository\org\springframework\spring-jdbc\5.2.1.RELEASE\spring-jdbc-5.2.1.RELEASE.jar;D:\Myapps\maven\maven_repository\org\springframework\spring-tx\5.2.1.RELEASE\spring-tx-5.2.1.RELEASE.jar;D:\Myapps\maven\maven_repository\org\springframework\spring-test\5.2.10.RELEASE\spring-test-5.2.10.RELEASE.jar;D:\Myapps\maven\maven_repository\org\mybatis\mybatis\3.5.6\mybatis-3.5.6.jar;D:\Myapps\maven\maven_repository\org\mybatis\mybatis-spring\1.3.0\mybatis-spring-1.3.0.jar;D:\Myapps\maven\maven_repository\mysql\mysql-connector-java\5.1.9\mysql-connector-java-5.1.9.jar;D:\Myapps\maven\maven_repository\com\alibaba\druid\1.2.13\druid-1.2.13.jar;D:\Myapps\maven\maven_repository\ch\qos\logback\logback-classic\1.2.11\logback-classic-1.2.11.jar;D:\Myapps\maven\maven_repository\ch\qos\logback\logback-core\1.2.11\logback-core-1.2.11.jar;D:\Myapps\maven\maven_repository\org\slf4j\slf4j-api\1.7.32\slf4j-api-1.7.32.jar;D:\Myapps\maven\maven_repository\junit\junit\4.13.2\junit-4.13.2.jar;D:\Myapps\maven\maven_repository\org\hamcrest\hamcrest-core\1.3\hamcrest-core-1.3.jar;D:\Myapps\maven\maven_repository\com\fasterxml\jackson\core\jackson-databind\2.9.0\jackson-databind-2.9.0.jar;D:\Myapps\maven\maven_repository\com\fasterxml\jackson\core\jackson-annotations\2.9.0\jackson-annotations-2.9.0.jar;D:\Myapps\maven\maven_repository\com\fasterxml\jackson\core\jackson-core\2.9.0\jackson-core-2.9.0.jar;D:\Myapps\maven\maven_repository\javax\servlet\javax.servlet-api\3.1.0\javax.servlet-api-3.1.0.jar;"/>
    <property name="sun.cpu.endian" value="little"/>
    <property name="user.home" value="C:\Users\28927"/>
    <property name="user.language" value="zh"/>
    <property name="java.specification.vendor" value="Oracle Corporation"/>
    <property name="java.home" value="C:\Program Files\Java\jdk1.8.0_341\jre"/>
    <property name="basedir" value="D:\编程文件\SpringMVC黑马\springmvc.github.io\code\springmvc-09-ssm-result"/>
    <property name="file.separator" value="\"/>
    <property name="line.separator" value="&#10;"/>
    <property name="java.vm.specification.vendor" value="Oracle Corporation"/>
    <property name="java.specification.name" value="Java Platform API Specification"/>
    <property name="java.awt.graphicsenv" value="sun.awt.Win32GraphicsEnvironment"/>
    <property name="surefire.real.class.path" value="C:\Users\28927\AppData\Local\Temp\surefire5817239389776164828\surefirebooter2024384676320767923.jar"/>
    <property name="sun.boot.class.path" value="C:\Program Files\Java\jdk1.8.0_341\jre\lib\resources.jar;C:\Program Files\Java\jdk1.8.0_341\jre\lib\rt.jar;C:\Program Files\Java\jdk1.8.0_341\jre\lib\jsse.jar;C:\Program Files\Java\jdk1.8.0_341\jre\lib\jce.jar;C:\Program Files\Java\jdk1.8.0_341\jre\lib\charsets.jar;C:\Program Files\Java\jdk1.8.0_341\jre\lib\jfr.jar;C:\Program Files\Java\jdk1.8.0_341\jre\classes"/>
    <property name="user.script" value=""/>
    <property name="sun.management.compiler" value="HotSpot 64-Bit Tiered Compilers"/>
    <property name="java.runtime.version" value="1.8.0_341-b10"/>
    <property name="user.name" value="28927"/>
    <property name="path.separator" value=";"/>
    <property name="os.version" value="10.0"/>
    <property name="java.endorsed.dirs" value="C:\Program Files\Java\jdk1.8.0_341\jre\lib\endorsed"/>
    <property name="java.runtime.name" value="Java(TM) SE Runtime Environment"/>
    <property name="file.encoding" value="GBK"/>
    <property name="java.vm.name" value="Java HotSpot(TM) 64-Bit Server VM"/>
    <property name="localRepository" value="D:\Myapps\maven\maven_repository"/>
    <property name="java.vendor.url.bug" value="http://bugreport.sun.com/bugreport/"/>
    <property name="java.io.tmpdir" value="C:\Users\28927\AppData\Local\Temp\"/>
    <property name="idea.version" value="2021.3.3"/>
    <property name="java.version" value="1.8.0_341"/>
    <property name="user.dir" value="D:\编程文件\SpringMVC黑马\springmvc.github.io\code\springmvc-09-ssm-result"/>
    <property name="os.arch" value="amd64"/>
    <property name="java.vm.specification.name" value="Java Virtual Machine Specification"/>
    <property name="java.awt.printerjob" value="sun.awt.windows.WPrinterJob"/>
    <property name="sun.os.patch.level" value=""/>
    <property name="java.library.path" value="C:\Program Files\Java\jdk1.8.0_341\jre\bin;C:\Windows\Sun\Java\bin;C:\Windows\system32;C:\Windows;D:\Myapps\VMware16.1.1\bin\;C:\Windows\system32;C:\Windows;C:\Windows\System32\Wbem;C:\Windows\System32\WindowsPowerShell\v1.0\;C:\Windows\System32\OpenSSH\;C:\Program Files\Common Files\Autodesk Shared\;C:\Program Files\Microsoft SQL Server\120\Tools\Binn\;C:\Program Files\Git\cmd;D:\Myapps\mysql5.7\mysql-5.7.19-winx64\bin;D:\Myapps\apache-tomcat-9.0.78\bin;C:\Program Files\dotnet\;E:\5g虚拟现实比赛资料\05-Unity\Unity\platform-tools;D:\Myapps\maven\apache-maven-3.3.9\bin;C:\Program Files\Java\jdk-17\bin;C:\Program Files\Java\jdk-17\jre\bin;C:\Users\28927\AppData\Local\Programs\Python\Python310\Scripts\;C:\Users\28927\AppData\Local\Programs\Python\Python310\;C:\Users\28927\AppData\Local\Microsoft\WindowsApps;C:\Program Files\Java\jdk1.8.0_341\bin;D:\vscode\Microsoft VS Code\bin;C:\Users\28927\AppData\Local\GitHubDesktop\bin;D:\Myapps\qqgame\Hall.57938\;D:\Myapps\ideaU\IntelliJ IDEA 2021.3.3\bin;;C:\Users\28927\.dotnet\tools;."/>
    <property name="java.vm.info" value="mixed mode"/>
    <property name="java.vendor" value="Oracle Corporation"/>
    <property name="java.vm.version" value="25.341-b10"/>
    <property name="java.ext.dirs" value="C:\Program Files\Java\jdk1.8.0_341\jre\lib\ext;C:\Windows\Sun\Java\lib\ext"/>
    <property name="sun.io.unicode.encoding" value="UnicodeLittle"/>
    <property name="java.class.version" value="52.0"/>
  </properties>
  <testcase name="testGetBookById" classname="TestBookService" time="1.42"/>
  <testcase name="testGetBookAll" classname="TestBookService" time="0.132"/>
</testsuite>